<?xml version="1.0" encoding="UTF-8"?>
<!-- Generated by org.testng.reporters.JUnitReportReporter -->
<testsuite hostname="CPDK313" failures="0" tests="1" name="com.TestApp.TestRegistrationPage" time="17.646" errors="0" timestamp="2024-07-10T13:09:49 IST" skipped="0">
  <testcase classname="com.TestApp.TestRegistrationPage" name="TestRegistrationPage" time="17.646"/>
</testsuite> <!-- com.TestApp.TestRegistrationPage -->
