<?xml version="1.0" encoding="UTF-8"?>
<!-- Generated by org.testng.reporters.JUnitReportReporter -->
<testsuite hostname="CPDK313" failures="0" tests="1" name="com.APITesting.TestGETandPOSTRequest" time="2.989" errors="0" timestamp="2024-07-05T14:35:16 IST" skipped="0">
  <testcase classname="com.APITesting.TestGETandPOSTRequest" name="GETRequest" time="2.989"/>
</testsuite> <!-- com.APITesting.TestGETandPOSTRequest -->
