<?xml version="1.0" encoding="UTF-8"?>
<!-- Generated by org.testng.reporters.JUnitReportReporter -->
<testsuite hostname="CPDK313" failures="0" tests="1" name="com.APITesting.ReactProjectHomepage" time="2.568" errors="0" timestamp="2024-07-05T12:38:21 IST" skipped="0">
  <testcase classname="com.APITesting.ReactProjectHomepage" name="GETApiTest2" time="2.568"/>
</testsuite> <!-- com.APITesting.ReactProjectHomepage -->
