<?xml version="1.0" encoding="UTF-8"?>
<!-- Generated by org.testng.reporters.JUnitReportReporter -->
<testsuite hostname="CPDK313" failures="0" tests="1" name="com.APITesting.FirstTest" time="2.976" errors="0" timestamp="2024-07-05T12:18:13 IST" skipped="0">
  <testcase classname="com.APITesting.FirstTest" name="GETApiTest2" time="2.976"/>
</testsuite> <!-- com.APITesting.FirstTest -->
