<?xml version="1.0" encoding="UTF-8"?>
<!-- Generated by org.testng.reporters.JUnitReportReporter -->
<testsuite hostname="CPDK313" failures="0" tests="1" name="com.APITesting.PutPatchAndDeleteRequest" time="2.668" errors="0" timestamp="2024-07-05T15:20:23 IST" skipped="0">
  <testcase classname="com.APITesting.PutPatchAndDeleteRequest" name="PATCHRequest" time="2.668"/>
</testsuite> <!-- com.APITesting.PutPatchAndDeleteRequest -->
